<?xml version="1.0" encoding="UTF-8"?>
<!-- Generated by org.testng.reporters.JUnitXMLReporter -->
<testsuite hostname="localhost.localdomain" ignored="0" name="Test" tests="1" failures="0" timestamp="22 Feb 2018 06:40:01 GMT" time="0.076" errors="0">
  <testcase name="@BeforeMethod beforeMethod" time="0.058" classname="automationFramework.Framework_001">
    <failure type="java.io.FileNotFoundException" message="/home/intern/eclipse-workspace/Guru99Project/src/testData/TestData.xlsx (No such file or directory)">
      <![CDATA[java.io.FileNotFoundException: /home/intern/eclipse-workspace/Guru99Project/src/testData/TestData.xlsx (No such file or directory)
at java.io.FileInputStream.open0(Native Method)
at java.io.FileInputStream.open(FileInputStream.java:195)
at java.io.FileInputStream.<init>(FileInputStream.java:138)
at java.io.FileInputStream.<init>(FileInputStream.java:93)
at utility.ExcelUtils.setExcelFile(ExcelUtils.java:19)
at automationFramework.Framework_001.beforeMethod(Framework_001.java:44)
... Removed 28 stack frames]]>
    </failure>
  </testcase> <!-- @BeforeMethod beforeMethod -->
  <testcase name="@AfterMethod afterMethod" time="0.0" classname="automationFramework.Framework_001">
    <skipped/>
  </testcase> <!-- @AfterMethod afterMethod -->
  <testcase name="main" time="0.0" classname="automationFramework.Framework_001">
    <skipped/>
  </testcase> <!-- main -->
</testsuite> <!-- Test -->
