<?xml version="1.0" encoding="UTF-8"?>
<!-- Generated by org.testng.reporters.JUnitXMLReporter -->
<testsuite hostname="localhost.localdomain" ignored="0" name="Test" tests="6" failures="0" timestamp="26 Feb 2018 11:26:12 GMT" time="14.816" errors="0">
  <testcase name="main" time="1.847" classname="automationFramework.Framework_001"/>
  <testcase name="clickNewCustomer" time="3.802" classname="automationFramework.Framework_001"/>
  <testcase name="mobileFieldFirstCharSpaceCheck" time="1.229" classname="automationFramework.Framework_001"/>
  <testcase name="mobileFieldNumericCheck" time="1.165" classname="automationFramework.Framework_001"/>
  <testcase name="mobileFieldSpecialCharacterCheck" time="1.246" classname="automationFramework.Framework_001"/>
  <testcase name="mobileaddressFieldEmptyCheck" time="1.196" classname="automationFramework.Framework_001"/>
</testsuite> <!-- Test -->
