<?xml version="1.0" encoding="UTF-8"?>
<testng-results skipped="0" failed="0" ignored="0" total="8" passed="8">
  <reporter-output>
    <line>
      <![CDATA[About to begin executing test Test]]>
    </line>
    <line>
      <![CDATA[About to begin executing Framework_001.beforeMethod]]>
    </line>
    <line>
      <![CDATA[Completed executing Framework_001.beforeMethod]]>
    </line>
    <line>
      <![CDATA[About to begin executing Framework_001.main]]>
    </line>
    <line>
      <![CDATA[SignIn Action is successfully perfomred]]>
    </line>
    <line>
      <![CDATA[Completed executing Framework_001.main]]>
    </line>
    <line>
      <![CDATA[TestName = null]]>
    </line>
    <line>
      <![CDATA[Test Method resides in automationFramework.Framework_001]]>
    </line>
    <line>
      <![CDATA[Test Status: Pass]]>
    </line>
    <line>
      <![CDATA[About to begin executing Framework_001.clickNewCustomer]]>
    </line>
    <line>
      <![CDATA[Completed executing Framework_001.clickNewCustomer]]>
    </line>
    <line>
      <![CDATA[TestName = null]]>
    </line>
    <line>
      <![CDATA[Test Method resides in automationFramework.Framework_001]]>
    </line>
    <line>
      <![CDATA[Test Status: Pass]]>
    </line>
    <line>
      <![CDATA[About to begin executing Framework_001.addressFieldEmptyCheck]]>
    </line>
    <line>
      <![CDATA['If name field is empty' Check Passed]]>
    </line>
    <line>
      <![CDATA[Completed executing Framework_001.addressFieldEmptyCheck]]>
    </line>
    <line>
      <![CDATA[TestName = null]]>
    </line>
    <line>
      <![CDATA[Test Method resides in automationFramework.Framework_001]]>
    </line>
    <line>
      <![CDATA[Test Status: Pass]]>
    </line>
    <line>
      <![CDATA[About to begin executing Framework_001.addressFieldFirstCharSpaceCheck]]>
    </line>
    <line>
      <![CDATA['If Address field data has First Char as space' Check Passed]]>
    </line>
    <line>
      <![CDATA[Completed executing Framework_001.addressFieldFirstCharSpaceCheck]]>
    </line>
    <line>
      <![CDATA[TestName = null]]>
    </line>
    <line>
      <![CDATA[Test Method resides in automationFramework.Framework_001]]>
    </line>
    <line>
      <![CDATA[Test Status: Pass]]>
    </line>
    <line>
      <![CDATA[About to begin executing Framework_001.nameFieldEmptyCheck]]>
    </line>
    <line>
      <![CDATA['If name field is empty' Check Passed]]>
    </line>
    <line>
      <![CDATA[Completed executing Framework_001.nameFieldEmptyCheck]]>
    </line>
    <line>
      <![CDATA[TestName = null]]>
    </line>
    <line>
      <![CDATA[Test Method resides in automationFramework.Framework_001]]>
    </line>
    <line>
      <![CDATA[Test Status: Pass]]>
    </line>
    <line>
      <![CDATA[About to begin executing Framework_001.nameFieldFirstCharSpaceCheck]]>
    </line>
    <line>
      <![CDATA['If name field data has First Char as space' Check Passed]]>
    </line>
    <line>
      <![CDATA[Completed executing Framework_001.nameFieldFirstCharSpaceCheck]]>
    </line>
    <line>
      <![CDATA[TestName = null]]>
    </line>
    <line>
      <![CDATA[Test Method resides in automationFramework.Framework_001]]>
    </line>
    <line>
      <![CDATA[Test Status: Pass]]>
    </line>
    <line>
      <![CDATA[About to begin executing Framework_001.nameFieldNumericCheck]]>
    </line>
    <line>
      <![CDATA['If name field data is numeric' Check Passed]]>
    </line>
    <line>
      <![CDATA[Completed executing Framework_001.nameFieldNumericCheck]]>
    </line>
    <line>
      <![CDATA[TestName = null]]>
    </line>
    <line>
      <![CDATA[Test Method resides in automationFramework.Framework_001]]>
    </line>
    <line>
      <![CDATA[Test Status: Pass]]>
    </line>
    <line>
      <![CDATA[About to begin executing Framework_001.nameFieldSpecialCharacterCheck]]>
    </line>
    <line>
      <![CDATA['If name field data has Special Character' Check Passed]]>
    </line>
    <line>
      <![CDATA[Completed executing Framework_001.nameFieldSpecialCharacterCheck]]>
    </line>
    <line>
      <![CDATA[TestName = null]]>
    </line>
    <line>
      <![CDATA[Test Method resides in automationFramework.Framework_001]]>
    </line>
    <line>
      <![CDATA[Test Status: Pass]]>
    </line>
    <line>
      <![CDATA[About to begin executing Framework_001.afterMethod]]>
    </line>
    <line>
      <![CDATA[Completed executing Framework_001.afterMethod]]>
    </line>
  </reporter-output>
  <suite name="Suite" duration-ms="24831" started-at="2018-02-23T12:06:58Z" finished-at="2018-02-23T12:07:23Z">
    <groups>
    </groups>
    <test name="Test" duration-ms="24831" started-at="2018-02-23T12:06:58Z" finished-at="2018-02-23T12:07:23Z">
      <class name="automationFramework.Framework_001">
        <test-method status="PASS" signature="beforeMethod()[pri:0, instance:automationFramework.Framework_001@7a765367]" name="beforeMethod" is-config="true" duration-ms="5298" started-at="2018-02-23T12:06:58Z" finished-at="2018-02-23T12:07:03Z">
          <reporter-output>
            <line>
              <![CDATA[Completed executing Framework_001.beforeMethod]]>
            </line>
          </reporter-output>
        </test-method> <!-- beforeMethod -->
        <test-method status="PASS" signature="main()[pri:0, instance:automationFramework.Framework_001@7a765367]" name="main" duration-ms="7734" started-at="2018-02-23T12:07:03Z" finished-at="2018-02-23T12:07:11Z">
          <reporter-output>
            <line>
              <![CDATA[About to begin executing Framework_001.main]]>
            </line>
            <line>
              <![CDATA[SignIn Action is successfully perfomred]]>
            </line>
            <line>
              <![CDATA[Completed executing Framework_001.main]]>
            </line>
            <line>
              <![CDATA[TestName = null]]>
            </line>
            <line>
              <![CDATA[Test Method resides in automationFramework.Framework_001]]>
            </line>
            <line>
              <![CDATA[Test Status: Pass]]>
            </line>
          </reporter-output>
        </test-method> <!-- main -->
        <test-method status="PASS" signature="clickNewCustomer()[pri:0, instance:automationFramework.Framework_001@7a765367]" name="clickNewCustomer" duration-ms="4940" started-at="2018-02-23T12:07:11Z" depends-on-methods="automationFramework.Framework_001.main" finished-at="2018-02-23T12:07:16Z">
          <reporter-output>
            <line>
              <![CDATA[About to begin executing Framework_001.clickNewCustomer]]>
            </line>
            <line>
              <![CDATA[Completed executing Framework_001.clickNewCustomer]]>
            </line>
            <line>
              <![CDATA[TestName = null]]>
            </line>
            <line>
              <![CDATA[Test Method resides in automationFramework.Framework_001]]>
            </line>
            <line>
              <![CDATA[Test Status: Pass]]>
            </line>
          </reporter-output>
        </test-method> <!-- clickNewCustomer -->
        <test-method status="PASS" signature="addressFieldEmptyCheck()[pri:0, instance:automationFramework.Framework_001@7a765367]" name="addressFieldEmptyCheck" duration-ms="1169" started-at="2018-02-23T12:07:16Z" depends-on-methods="automationFramework.Framework_001.clickNewCustomer" finished-at="2018-02-23T12:07:17Z">
          <reporter-output>
            <line>
              <![CDATA[About to begin executing Framework_001.addressFieldEmptyCheck]]>
            </line>
            <line>
              <![CDATA['If name field is empty' Check Passed]]>
            </line>
            <line>
              <![CDATA[Completed executing Framework_001.addressFieldEmptyCheck]]>
            </line>
            <line>
              <![CDATA[TestName = null]]>
            </line>
            <line>
              <![CDATA[Test Method resides in automationFramework.Framework_001]]>
            </line>
            <line>
              <![CDATA[Test Status: Pass]]>
            </line>
          </reporter-output>
        </test-method> <!-- addressFieldEmptyCheck -->
        <test-method status="PASS" signature="addressFieldFirstCharSpaceCheck()[pri:0, instance:automationFramework.Framework_001@7a765367]" name="addressFieldFirstCharSpaceCheck" duration-ms="1164" started-at="2018-02-23T12:07:17Z" depends-on-methods="automationFramework.Framework_001.clickNewCustomer" finished-at="2018-02-23T12:07:18Z">
          <reporter-output>
            <line>
              <![CDATA[About to begin executing Framework_001.addressFieldFirstCharSpaceCheck]]>
            </line>
            <line>
              <![CDATA['If Address field data has First Char as space' Check Passed]]>
            </line>
            <line>
              <![CDATA[Completed executing Framework_001.addressFieldFirstCharSpaceCheck]]>
            </line>
            <line>
              <![CDATA[TestName = null]]>
            </line>
            <line>
              <![CDATA[Test Method resides in automationFramework.Framework_001]]>
            </line>
            <line>
              <![CDATA[Test Status: Pass]]>
            </line>
          </reporter-output>
        </test-method> <!-- addressFieldFirstCharSpaceCheck -->
        <test-method status="PASS" signature="nameFieldEmptyCheck()[pri:0, instance:automationFramework.Framework_001@7a765367]" name="nameFieldEmptyCheck" duration-ms="1083" started-at="2018-02-23T12:07:18Z" depends-on-methods="automationFramework.Framework_001.clickNewCustomer" finished-at="2018-02-23T12:07:19Z">
          <reporter-output>
            <line>
              <![CDATA[About to begin executing Framework_001.nameFieldEmptyCheck]]>
            </line>
            <line>
              <![CDATA['If name field is empty' Check Passed]]>
            </line>
            <line>
              <![CDATA[Completed executing Framework_001.nameFieldEmptyCheck]]>
            </line>
            <line>
              <![CDATA[TestName = null]]>
            </line>
            <line>
              <![CDATA[Test Method resides in automationFramework.Framework_001]]>
            </line>
            <line>
              <![CDATA[Test Status: Pass]]>
            </line>
          </reporter-output>
        </test-method> <!-- nameFieldEmptyCheck -->
        <test-method status="PASS" signature="nameFieldFirstCharSpaceCheck()[pri:0, instance:automationFramework.Framework_001@7a765367]" name="nameFieldFirstCharSpaceCheck" duration-ms="1105" started-at="2018-02-23T12:07:19Z" depends-on-methods="automationFramework.Framework_001.clickNewCustomer" finished-at="2018-02-23T12:07:20Z">
          <reporter-output>
            <line>
              <![CDATA[About to begin executing Framework_001.nameFieldFirstCharSpaceCheck]]>
            </line>
            <line>
              <![CDATA['If name field data has First Char as space' Check Passed]]>
            </line>
            <line>
              <![CDATA[Completed executing Framework_001.nameFieldFirstCharSpaceCheck]]>
            </line>
            <line>
              <![CDATA[TestName = null]]>
            </line>
            <line>
              <![CDATA[Test Method resides in automationFramework.Framework_001]]>
            </line>
            <line>
              <![CDATA[Test Status: Pass]]>
            </line>
          </reporter-output>
        </test-method> <!-- nameFieldFirstCharSpaceCheck -->
        <test-method status="PASS" signature="nameFieldNumericCheck()[pri:0, instance:automationFramework.Framework_001@7a765367]" name="nameFieldNumericCheck" duration-ms="1106" started-at="2018-02-23T12:07:20Z" depends-on-methods="automationFramework.Framework_001.clickNewCustomer" finished-at="2018-02-23T12:07:21Z">
          <reporter-output>
            <line>
              <![CDATA[About to begin executing Framework_001.nameFieldNumericCheck]]>
            </line>
            <line>
              <![CDATA['If name field data is numeric' Check Passed]]>
            </line>
            <line>
              <![CDATA[Completed executing Framework_001.nameFieldNumericCheck]]>
            </line>
            <line>
              <![CDATA[TestName = null]]>
            </line>
            <line>
              <![CDATA[Test Method resides in automationFramework.Framework_001]]>
            </line>
            <line>
              <![CDATA[Test Status: Pass]]>
            </line>
          </reporter-output>
        </test-method> <!-- nameFieldNumericCheck -->
        <test-method status="PASS" signature="nameFieldSpecialCharacterCheck()[pri:0, instance:automationFramework.Framework_001@7a765367]" name="nameFieldSpecialCharacterCheck" duration-ms="1107" started-at="2018-02-23T12:07:21Z" depends-on-methods="automationFramework.Framework_001.clickNewCustomer" finished-at="2018-02-23T12:07:22Z">
          <reporter-output>
            <line>
              <![CDATA[About to begin executing Framework_001.nameFieldSpecialCharacterCheck]]>
            </line>
            <line>
              <![CDATA['If name field data has Special Character' Check Passed]]>
            </line>
            <line>
              <![CDATA[Completed executing Framework_001.nameFieldSpecialCharacterCheck]]>
            </line>
            <line>
              <![CDATA[TestName = null]]>
            </line>
            <line>
              <![CDATA[Test Method resides in automationFramework.Framework_001]]>
            </line>
            <line>
              <![CDATA[Test Status: Pass]]>
            </line>
          </reporter-output>
        </test-method> <!-- nameFieldSpecialCharacterCheck -->
        <test-method status="PASS" signature="afterMethod()[pri:0, instance:automationFramework.Framework_001@7a765367]" name="afterMethod" is-config="true" duration-ms="109" started-at="2018-02-23T12:07:22Z" finished-at="2018-02-23T12:07:23Z">
          <reporter-output>
            <line>
              <![CDATA[Completed executing Framework_001.afterMethod]]>
            </line>
          </reporter-output>
        </test-method> <!-- afterMethod -->
      </class> <!-- automationFramework.Framework_001 -->
    </test> <!-- Test -->
  </suite> <!-- Suite -->
</testng-results>
